H:\SHADER_PLAYER\DEBUG\SHADER_PLAYER.EXE
H:\SHADER_PLAYER\DEBUG\SHADER_PLAYER.ILK
H:\SHADER_PLAYER\DEBUG\SHADER_PLAYER.PDB
H:\SHADER_PLAYER\SHADER_PLAYER\DEBUG\ASSEMBLE_TYPE.OBJ
H:\SHADER_PLAYER\SHADER_PLAYER\DEBUG\ASSEMBLE_TYPE_LIST.OBJ
H:\SHADER_PLAYER\SHADER_PLAYER\DEBUG\CAMERA.OBJ
H:\Shader_player\Shader_player\Debug\cl.command.1.tlog
H:\Shader_player\Shader_player\Debug\CL.read.1.tlog
H:\Shader_player\Shader_player\Debug\CL.write.1.tlog
H:\SHADER_PLAYER\SHADER_PLAYER\DEBUG\CLIP_COMPONENT.OBJ
H:\SHADER_PLAYER\SHADER_PLAYER\DEBUG\COMPONENT.OBJ
H:\SHADER_PLAYER\SHADER_PLAYER\DEBUG\COMPONENT_COLLECTOR.OBJ
H:\SHADER_PLAYER\SHADER_PLAYER\DEBUG\COMPONENT_LIST.OBJ
H:\SHADER_PLAYER\SHADER_PLAYER\DEBUG\EDGE.OBJ
H:\SHADER_PLAYER\SHADER_PLAYER\DEBUG\GRAPHICS_SYSTEM.OBJ
H:\SHADER_PLAYER\SHADER_PLAYER\DEBUG\LIGHT.OBJ
H:\Shader_player\Shader_player\Debug\link.command.1.tlog
H:\Shader_player\Shader_player\Debug\link.read.1.tlog
H:\Shader_player\Shader_player\Debug\link.write.1.tlog
H:\Shader_player\Shader_player\Debug\link-cvtres.read.1.tlog
H:\Shader_player\Shader_player\Debug\link-cvtres.write.1.tlog
H:\SHADER_PLAYER\SHADER_PLAYER\DEBUG\LIST_BASE.OBJ
H:\SHADER_PLAYER\SHADER_PLAYER\DEBUG\LOCATION.OBJ
H:\SHADER_PLAYER\SHADER_PLAYER\DEBUG\LOCATION_DIALOG.OBJ
H:\SHADER_PLAYER\SHADER_PLAYER\DEBUG\MAINFRM.OBJ
H:\SHADER_PLAYER\SHADER_PLAYER\DEBUG\MOUNT_CACHE_INFORMATION_DIALOG.OBJ
H:\SHADER_PLAYER\SHADER_PLAYER\DEBUG\MOUNT_INFORMATION_DIALOG.OBJ
H:\SHADER_PLAYER\SHADER_PLAYER\DEBUG\MOUNT_STEP_DIALOG.OBJ
H:\SHADER_PLAYER\SHADER_PLAYER\DEBUG\MOUNT_STEP_TAG_DIALOG.OBJ
H:\SHADER_PLAYER\SHADER_PLAYER\DEBUG\MOUNT_TIME_LENGTH_DIALOG.OBJ
H:\SHADER_PLAYER\SHADER_PLAYER\DEBUG\MOVEMENT.OBJ
H:\SHADER_PLAYER\SHADER_PLAYER\DEBUG\MOVEMENT_LIST.OBJ
H:\SHADER_PLAYER\SHADER_PLAYER\DEBUG\MOVEMENT_PROCESSOR.OBJ
H:\Shader_player\Shader_player\Debug\mt.command.1.tlog
H:\Shader_player\Shader_player\Debug\mt.read.1.tlog
H:\Shader_player\Shader_player\Debug\mt.write.1.tlog
H:\SHADER_PLAYER\SHADER_PLAYER\DEBUG\NETWORK.OBJ
H:\SHADER_PLAYER\SHADER_PLAYER\DEBUG\PART.OBJ
H:\SHADER_PLAYER\SHADER_PLAYER\DEBUG\PART_GRAPHICS_OBJECT.OBJ
H:\SHADER_PLAYER\SHADER_PLAYER\DEBUG\PART_LIST.OBJ
H:\SHADER_PLAYER\SHADER_PLAYER\DEBUG\PART_PARAMETER.OBJ
H:\SHADER_PLAYER\SHADER_PLAYER\DEBUG\PART_PROPERTY.OBJ
H:\SHADER_PLAYER\SHADER_PLAYER\DEBUG\PLATFORM_INFORMATION.OBJ
H:\SHADER_PLAYER\SHADER_PLAYER\DEBUG\PROPERTIESWND.OBJ
H:\Shader_player\Shader_player\Debug\rc.command.1.tlog
H:\Shader_player\Shader_player\Debug\rc.read.1.tlog
H:\Shader_player\Shader_player\Debug\rc.write.1.tlog
H:\SHADER_PLAYER\SHADER_PLAYER\DEBUG\SELECT_COMPONENT_IDS.OBJ
H:\SHADER_PLAYER\SHADER_PLAYER\DEBUG\SHADER_BASE.OBJ
H:\SHADER_PLAYER\SHADER_PLAYER\DEBUG\SHADER_COORDINATE.OBJ
H:\SHADER_PLAYER\SHADER_PLAYER\DEBUG\SHADER_ENVIRONMENT.OBJ
H:\SHADER_PLAYER\SHADER_PLAYER\DEBUG\SHADER_PLAYER.EXE.EMBED.MANIFEST
H:\SHADER_PLAYER\SHADER_PLAYER\DEBUG\SHADER_PLAYER.EXE.EMBED.MANIFEST.RES
H:\SHADER_PLAYER\SHADER_PLAYER\DEBUG\SHADER_PLAYER.EXE.INTERMEDIATE.MANIFEST
H:\SHADER_PLAYER\SHADER_PLAYER\DEBUG\SHADER_PLAYER.OBJ
H:\SHADER_PLAYER\SHADER_PLAYER\DEBUG\SHADER_PLAYER.PCH
H:\SHADER_PLAYER\SHADER_PLAYER\DEBUG\SHADER_PLAYER.RES
H:\Shader_player\Shader_player\Debug\Shader_player_manifest.rc
H:\SHADER_PLAYER\SHADER_PLAYER\DEBUG\SHADER_PLAYERDOC.OBJ
H:\SHADER_PLAYER\SHADER_PLAYER\DEBUG\SHADER_PLAYERVIEW.OBJ
H:\SHADER_PLAYER\SHADER_PLAYER\DEBUG\SHADER_SELECT_AREA.OBJ
H:\SHADER_PLAYER\SHADER_PLAYER\DEBUG\SHADER_SIZE_TAG.OBJ
H:\SHADER_PLAYER\SHADER_PLAYER\DEBUG\SHADER_SOLIDWORKS.OBJ
H:\SHADER_PLAYER\SHADER_PLAYER\DEBUG\SHADER_SOLIDWORKS_MATERIAL_DIALOG.OBJ
H:\SHADER_PLAYER\SHADER_PLAYER\DEBUG\SHADER_TERRAIN.OBJ
H:\SHADER_PLAYER\SHADER_PLAYER\DEBUG\SOUND_PLAYER.OBJ
H:\SHADER_PLAYER\SHADER_PLAYER\DEBUG\STDAFX.OBJ
H:\SHADER_PLAYER\SHADER_PLAYER\DEBUG\TEXTURE.OBJ
H:\SHADER_PLAYER\SHADER_PLAYER\DEBUG\USER_INTERFACE.OBJ
H:\Shader_player\Shader_player\Debug\vc100.idb
H:\SHADER_PLAYER\SHADER_PLAYER\DEBUG\VC100.PDB
H:\SHADER_PLAYER\SHADER_PLAYER\DEBUG\VIEWTREE.OBJ
H:\SHADER_PLAYER\SHADER_PLAYER\DEBUG\WHOLE_SYSTEM.OBJ
