生成启动时间为 2011-5-17 8:38:48。
     1>项目“D:\最终的软件2011.5.11\用户拼装\Shader_player\Shader_player.vcxproj”在节点 2 上(build 个目标)。
     1>InitializeBuildStatus:
         正在创建“Debug\Shader_player_user.unsuccessfulbuild”，因为已指定“AlwaysCreate”。
       ClCompile:
         F:\Program Files\Microsoft Visual Studio 10.0\VC\bin\CL.exe /c /IC:\OpenCV2.0\include\opencv /ZI /nologo /W3 /WX- /Od /Oy- /D WIN32 /D _WINDOWS /D _DEBUG /D _UNICODE /D UNICODE /D _AFXDLL /Gm /EHsc /RTC1 /MDd /GS /fp:precise /Zc:wchar_t /Zc:forScope /Yc"StdAfx.h" /Fp"Debug\Shader_player_user.pch" /Fo"Debug\\" /Fd"Debug\vc100.pdb" /Gd /TP /analyze- /errorReport:prompt stdafx.cpp
         stdafx.cpp
         F:\Program Files\Microsoft Visual Studio 10.0\VC\bin\CL.exe /c /IC:\OpenCV2.0\include\opencv /ZI /nologo /W3 /WX- /Od /Oy- /D WIN32 /D _WINDOWS /D _DEBUG /D _UNICODE /D UNICODE /D _AFXDLL /Gm /EHsc /RTC1 /MDd /GS /fp:precise /Zc:wchar_t /Zc:forScope /Yu"StdAfx.h" /Fp"Debug\Shader_player_user.pch" /Fo"Debug\\" /Fd"Debug\vc100.pdb" /Gd /TP /analyze- /errorReport:prompt kernel\Assemble_type.cpp kernel\Network.cpp user_interface\Assemble_type_list.cpp kernel\Camera.cpp kernel\Clip_component.cpp kernel\Component.cpp kernel\Component_collector.cpp user_interface\Component_list.cpp kernel\Edge.cpp kernel\Graphics_system.cpp kernel\Light.cpp user_interface\List_base.cpp kernel\Location.cpp user_interface\Location_dialog.cpp MainFrm.cpp user_interface\Mount_cache_information_dialog.cpp user_interface\Mount_information_dialog.cpp user_interface\Mount_step_dialog.cpp user_interface\Mount_step_tag_dialog.cpp user_interface\Mount_time_length_dialog.cpp movement\Movement.cpp user_interface\Movement_list.cpp movement\Movement_processor.cpp kernel\Part.cpp kernel\Part_graphics_object.cpp user_interface\Part_list.cpp kernel\Part_parameter.cpp user_interface\Part_property.cpp kernel\Platform_information.cpp user_interface\PropertiesWnd.cpp kernel\Select_component_ids.cpp kernel\Shader_base.cpp kernel\Shader_coordinate.cpp kernel\Shader_environment.cpp Shader_player.cpp Shader_playerDoc.cpp Shader_playerView.cpp kernel\Shader_select_area.cpp kernel\Shader_size_tag.cpp kernel\Shader_solidworks.cpp kernel\Shader_solidworks_material_dialog.cpp kernel\Shader_terrain.cpp kernel\Sound_player.cpp kernel\Texture.cpp kernel\User_interface.cpp ViewTree.cpp kernel\Whole_system.cpp
         Whole_system.cpp
         ViewTree.cpp
         User_interface.cpp
         Texture.cpp
     1>c:\opencv2.0\include\opencv\cvcompat.h(803): warning C4819: 该文件包含不能在当前代码页(936)中表示的字符。请将该文件保存为 Unicode 格式以防止数据丢失
     1>c:\opencv2.0\include\opencv\cvvidsurv.hpp(126): warning C4996: 'strdup': The POSIX name for this item is deprecated. Instead, use the ISO C++ conformant name: _strdup. See online help for details.
                 f:\program files\microsoft visual studio 10.0\vc\include\string.h(238) : 参见“strdup”的声明
     1>c:\opencv2.0\include\opencv\cvvidsurv.hpp(151): warning C4996: 'stricmp': The POSIX name for this item is deprecated. Instead, use the ISO C++ conformant name: _stricmp. See online help for details.
                 f:\program files\microsoft visual studio 10.0\vc\include\string.h(246) : 参见“stricmp”的声明
     1>c:\opencv2.0\include\opencv\cvvidsurv.hpp(179): warning C4996: 'strdup': The POSIX name for this item is deprecated. Instead, use the ISO C++ conformant name: _strdup. See online help for details.
                 f:\program files\microsoft visual studio 10.0\vc\include\string.h(238) : 参见“strdup”的声明
     1>c:\opencv2.0\include\opencv\cvvidsurv.hpp(191): warning C4996: 'strdup': The POSIX name for this item is deprecated. Instead, use the ISO C++ conformant name: _strdup. See online help for details.
                 f:\program files\microsoft visual studio 10.0\vc\include\string.h(238) : 参见“strdup”的声明
     1>c:\opencv2.0\include\opencv\cvvidsurv.hpp(193): warning C4996: 'strdup': The POSIX name for this item is deprecated. Instead, use the ISO C++ conformant name: _strdup. See online help for details.
                 f:\program files\microsoft visual studio 10.0\vc\include\string.h(238) : 参见“strdup”的声明
     1>c:\opencv2.0\include\opencv\cvvidsurv.hpp(194): warning C4996: 'strdup': The POSIX name for this item is deprecated. Instead, use the ISO C++ conformant name: _strdup. See online help for details.
                 f:\program files\microsoft visual studio 10.0\vc\include\string.h(238) : 参见“strdup”的声明
     1>c:\opencv2.0\include\opencv\cvvidsurv.hpp(201): warning C4996: 'stricmp': The POSIX name for this item is deprecated. Instead, use the ISO C++ conformant name: _stricmp. See online help for details.
                 f:\program files\microsoft visual studio 10.0\vc\include\string.h(246) : 参见“stricmp”的声明
     1>c:\opencv2.0\include\opencv\cvvidsurv.hpp(252): warning C4996: 'stricmp': The POSIX name for this item is deprecated. Instead, use the ISO C++ conformant name: _stricmp. See online help for details.
                 f:\program files\microsoft visual studio 10.0\vc\include\string.h(246) : 参见“stricmp”的声明
     1>c:\opencv2.0\include\opencv\cvvidsurv.hpp(263): warning C4996: 'stricmp': The POSIX name for this item is deprecated. Instead, use the ISO C++ conformant name: _stricmp. See online help for details.
                 f:\program files\microsoft visual studio 10.0\vc\include\string.h(246) : 参见“stricmp”的声明
     1>c:\opencv2.0\include\opencv\cvvidsurv.hpp(268): warning C4996: 'strdup': The POSIX name for this item is deprecated. Instead, use the ISO C++ conformant name: _strdup. See online help for details.
                 f:\program files\microsoft visual studio 10.0\vc\include\string.h(238) : 参见“strdup”的声明
     1>c:\opencv2.0\include\opencv\cvvidsurv.hpp(287): warning C4996: 'strcpy': This function or variable may be unsafe. Consider using strcpy_s instead. To disable deprecation, use _CRT_SECURE_NO_WARNINGS. See online help for details.
                 f:\program files\microsoft visual studio 10.0\vc\include\string.h(105) : 参见“strcpy”的声明
     1>c:\opencv2.0\include\opencv\cvvidsurv.hpp(288): warning C4996: 'strcat': This function or variable may be unsafe. Consider using strcat_s instead. To disable deprecation, use _CRT_SECURE_NO_WARNINGS. See online help for details.
                 f:\program files\microsoft visual studio 10.0\vc\include\string.h(110) : 参见“strcat”的声明
     1>c:\opencv2.0\include\opencv\cvvidsurv.hpp(289): warning C4996: 'strcat': This function or variable may be unsafe. Consider using strcat_s instead. To disable deprecation, use _CRT_SECURE_NO_WARNINGS. See online help for details.
                 f:\program files\microsoft visual studio 10.0\vc\include\string.h(110) : 参见“strcat”的声明
     1>c:\opencv2.0\include\opencv\cvvidsurv.hpp(327): warning C4996: 'strcpy': This function or variable may be unsafe. Consider using strcpy_s instead. To disable deprecation, use _CRT_SECURE_NO_WARNINGS. See online help for details.
                 f:\program files\microsoft visual studio 10.0\vc\include\string.h(105) : 参见“strcpy”的声明
     1>c:\opencv2.0\include\opencv\cvvidsurv.hpp(328): warning C4996: 'strcat': This function or variable may be unsafe. Consider using strcat_s instead. To disable deprecation, use _CRT_SECURE_NO_WARNINGS. See online help for details.
                 f:\program files\microsoft visual studio 10.0\vc\include\string.h(110) : 参见“strcat”的声明
     1>c:\opencv2.0\include\opencv\cvvidsurv.hpp(329): warning C4996: 'strcat': This function or variable may be unsafe. Consider using strcat_s instead. To disable deprecation, use _CRT_SECURE_NO_WARNINGS. See online help for details.
                 f:\program files\microsoft visual studio 10.0\vc\include\string.h(110) : 参见“strcat”的声明
     1>c:\opencv2.0\include\opencv\cvvidsurv.hpp(333): warning C4996: 'strcpy': This function or variable may be unsafe. Consider using strcpy_s instead. To disable deprecation, use _CRT_SECURE_NO_WARNINGS. See online help for details.
                 f:\program files\microsoft visual studio 10.0\vc\include\string.h(105) : 参见“strcpy”的声明
     1>c:\opencv2.0\include\opencv\cvvidsurv.hpp(354): warning C4996: 'stricmp': The POSIX name for this item is deprecated. Instead, use the ISO C++ conformant name: _stricmp. See online help for details.
                 f:\program files\microsoft visual studio 10.0\vc\include\string.h(246) : 参见“stricmp”的声明
     1>c:\opencv2.0\include\opencv\cvvidsurv.hpp(362): warning C4996: 'stricmp': The POSIX name for this item is deprecated. Instead, use the ISO C++ conformant name: _stricmp. See online help for details.
                 f:\program files\microsoft visual studio 10.0\vc\include\string.h(246) : 参见“stricmp”的声明
     1>c:\opencv2.0\include\opencv\cvvidsurv.hpp(372): warning C4996: 'strdup': The POSIX name for this item is deprecated. Instead, use the ISO C++ conformant name: _strdup. See online help for details.
                 f:\program files\microsoft visual studio 10.0\vc\include\string.h(238) : 参见“strdup”的声明
     1>c:\opencv2.0\include\opencv\cvvidsurv.hpp(466): warning C4996: 'strcpy': This function or variable may be unsafe. Consider using strcpy_s instead. To disable deprecation, use _CRT_SECURE_NO_WARNINGS. See online help for details.
                 f:\program files\microsoft visual studio 10.0\vc\include\string.h(105) : 参见“strcpy”的声明
     1>c:\opencv2.0\include\opencv\cvvidsurv.hpp(535): warning C4996: 'strcat': This function or variable may be unsafe. Consider using strcat_s instead. To disable deprecation, use _CRT_SECURE_NO_WARNINGS. See online help for details.
                 f:\program files\microsoft visual studio 10.0\vc\include\string.h(110) : 参见“strcat”的声明
         Sound_player.cpp
         Shader_terrain.cpp
         Shader_solidworks_material_dialog.cpp
         Shader_solidworks.cpp
         Shader_size_tag.cpp
         Shader_select_area.cpp
         Shader_playerView.cpp
         Shader_playerDoc.cpp
         Shader_player.cpp
         Shader_environment.cpp
         Shader_coordinate.cpp
         Shader_base.cpp
         Select_component_ids.cpp
         PropertiesWnd.cpp
         Platform_information.cpp
         Part_property.cpp
         正在生成代码...
         正在编译...
         Part_parameter.cpp
         Part_list.cpp
         Part_graphics_object.cpp
         Part.cpp
         Movement_processor.cpp
         Movement_list.cpp
         Movement.cpp
         Mount_time_length_dialog.cpp
         Mount_step_tag_dialog.cpp
         Mount_step_dialog.cpp
         Mount_information_dialog.cpp
         Mount_cache_information_dialog.cpp
         MainFrm.cpp
         Location_dialog.cpp
         Location.cpp
         List_base.cpp
         Light.cpp
         Graphics_system.cpp
         Edge.cpp
         Component_list.cpp
         正在生成代码...
         正在编译...
         Component_collector.cpp
         Component.cpp
         Clip_component.cpp
         Camera.cpp
         Assemble_type_list.cpp
         Network.cpp
         Assemble_type.cpp
         正在生成代码...
       ResourceCompile:
         C:\Program Files\Microsoft SDKs\Windows\v7.0A\bin\rc.exe /D _DEBUG /D _UNICODE /D UNICODE /D _AFXDLL /l"0x0804" /IDebug\ /nologo /fo"Debug\Shader_player.res" Shader_player.rc 
       ManifestResourceCompile:
         C:\Program Files\Microsoft SDKs\Windows\v7.0A\bin\rc.exe /nologo /fo"Debug\Shader_player_user.exe.embed.manifest.res" Debug\Shader_player_user_manifest.rc 
       Link:
         F:\Program Files\Microsoft Visual Studio 10.0\VC\bin\link.exe /ERRORREPORT:PROMPT /OUT:"D:\最终的软件2011.5.11\用户拼装\Debug\Shader_player_user.exe" /INCREMENTAL /NOLOGO /LIBPATH:.\kernel\gl /LIBPATH:C:\OpenCV2.0\vs2008\lib\Release /MANIFEST /ManifestFile:"Debug\Shader_player_user.exe.intermediate.manifest" /MANIFESTUAC:"level='asInvoker' uiAccess='false'" /DEBUG /PDB:"D:\最终的软件2011.5.11\用户拼装\Debug\Shader_player_user.pdb" /SUBSYSTEM:WINDOWS /TLBID:1 /ENTRY:"wWinMainCRTStartup" /DYNAMICBASE /NXCOMPAT /IMPLIB:"D:\最终的软件2011.5.11\用户拼装\Debug\Shader_player_user.lib" /MACHINE:X86 Debug\Shader_player.res
         Debug\Shader_player_user.exe.embed.manifest.res
         Debug\Assemble_type.obj
         Debug\Network.obj
         Debug\Assemble_type_list.obj
         Debug\Camera.obj
         Debug\Clip_component.obj
         Debug\Component.obj
         Debug\Component_collector.obj
         Debug\Component_list.obj
         Debug\Edge.obj
         Debug\Graphics_system.obj
         Debug\Light.obj
         Debug\List_base.obj
         Debug\Location.obj
         Debug\Location_dialog.obj
         Debug\MainFrm.obj
         Debug\Mount_cache_information_dialog.obj
         Debug\Mount_information_dialog.obj
         Debug\Mount_step_dialog.obj
         Debug\Mount_step_tag_dialog.obj
         Debug\Mount_time_length_dialog.obj
         Debug\Movement.obj
         Debug\Movement_list.obj
         Debug\Movement_processor.obj
         Debug\Part.obj
         Debug\Part_graphics_object.obj
         Debug\Part_list.obj
         Debug\Part_parameter.obj
         Debug\Part_property.obj
         Debug\Platform_information.obj
         Debug\PropertiesWnd.obj
         Debug\Select_component_ids.obj
         Debug\Shader_base.obj
         Debug\Shader_coordinate.obj
         Debug\Shader_environment.obj
         Debug\Shader_player.obj
         Debug\Shader_playerDoc.obj
         Debug\Shader_playerView.obj
         Debug\Shader_select_area.obj
         Debug\Shader_size_tag.obj
         Debug\Shader_solidworks.obj
         Debug\Shader_solidworks_material_dialog.obj
         Debug\Shader_terrain.obj
         Debug\Sound_player.obj
         Debug\stdafx.obj
         Debug\Texture.obj
         Debug\User_interface.obj
         Debug\ViewTree.obj
         Debug\Whole_system.obj
       Manifest:
         C:\Program Files\Microsoft SDKs\Windows\v7.0A\bin\mt.exe /nologo /verbose /out:"Debug\Shader_player_user.exe.embed.manifest" /manifest Debug\Shader_player_user.exe.intermediate.manifest "F:\Program Files\Microsoft Visual Studio 10.0\VC\Include\Manifest\dpiaware.manifest"
         C:\Program Files\Microsoft SDKs\Windows\v7.0A\bin\rc.exe /nologo /fo"Debug\Shader_player_user.exe.embed.manifest.res" Debug\Shader_player_user_manifest.rc 
       LinkEmbedManifest:
         F:\Program Files\Microsoft Visual Studio 10.0\VC\bin\link.exe /ERRORREPORT:PROMPT /OUT:"D:\最终的软件2011.5.11\用户拼装\Debug\Shader_player_user.exe" /INCREMENTAL /NOLOGO /LIBPATH:.\kernel\gl /LIBPATH:C:\OpenCV2.0\vs2008\lib\Release /MANIFEST /ManifestFile:"Debug\Shader_player_user.exe.intermediate.manifest" /MANIFESTUAC:"level='asInvoker' uiAccess='false'" /DEBUG /PDB:"D:\最终的软件2011.5.11\用户拼装\Debug\Shader_player_user.pdb" /SUBSYSTEM:WINDOWS /TLBID:1 /ENTRY:"wWinMainCRTStartup" /DYNAMICBASE /NXCOMPAT /IMPLIB:"D:\最终的软件2011.5.11\用户拼装\Debug\Shader_player_user.lib" /MACHINE:X86 Debug\Shader_player.res
         Debug\Shader_player_user.exe.embed.manifest.res
         Debug\Assemble_type.obj
         Debug\Network.obj
         Debug\Assemble_type_list.obj
         Debug\Camera.obj
         Debug\Clip_component.obj
         Debug\Component.obj
         Debug\Component_collector.obj
         Debug\Component_list.obj
         Debug\Edge.obj
         Debug\Graphics_system.obj
         Debug\Light.obj
         Debug\List_base.obj
         Debug\Location.obj
         Debug\Location_dialog.obj
         Debug\MainFrm.obj
         Debug\Mount_cache_information_dialog.obj
         Debug\Mount_information_dialog.obj
         Debug\Mount_step_dialog.obj
         Debug\Mount_step_tag_dialog.obj
         Debug\Mount_time_length_dialog.obj
         Debug\Movement.obj
         Debug\Movement_list.obj
         Debug\Movement_processor.obj
         Debug\Part.obj
         Debug\Part_graphics_object.obj
         Debug\Part_list.obj
         Debug\Part_parameter.obj
         Debug\Part_property.obj
         Debug\Platform_information.obj
         Debug\PropertiesWnd.obj
         Debug\Select_component_ids.obj
         Debug\Shader_base.obj
         Debug\Shader_coordinate.obj
         Debug\Shader_environment.obj
         Debug\Shader_player.obj
         Debug\Shader_playerDoc.obj
         Debug\Shader_playerView.obj
         Debug\Shader_select_area.obj
         Debug\Shader_size_tag.obj
         Debug\Shader_solidworks.obj
         Debug\Shader_solidworks_material_dialog.obj
         Debug\Shader_terrain.obj
         Debug\Sound_player.obj
         Debug\stdafx.obj
         Debug\Texture.obj
         Debug\User_interface.obj
         Debug\ViewTree.obj
         Debug\Whole_system.obj
         Shader_player.vcxproj -> D:\最终的软件2011.5.11\用户拼装\Debug\Shader_player_user.exe
       FinalizeBuildStatus:
         正在删除文件“Debug\Shader_player_user.unsuccessfulbuild”。
         正在对“Debug\Shader_player_user.lastbuildstate”执行 Touch 任务。
     1>已完成生成项目“D:\最终的软件2011.5.11\用户拼装\Shader_player\Shader_player.vcxproj”(build 个目标)的操作。

生成成功。

已用时间 00:00:58.75
